<?xml version="1.0" encoding="UTF-8"?>
<testng-results skipped="0" failed="0" ignored="0" total="1" passed="1">
  <reporter-output>
  </reporter-output>
  <suite name="Default suite" duration-ms="5998" started-at="2019-10-21T03:20:22Z" finished-at="2019-10-21T03:20:28Z">
    <groups>
    </groups>
    <test name="Default test" duration-ms="5998" started-at="2019-10-21T03:20:22Z" finished-at="2019-10-21T03:20:28Z">
      <class name="GoogleAPIs.AddGooglePlaces">
        <test-method status="PASS" signature="init()[pri:0, instance:GoogleAPIs.AddGooglePlaces@e45eb6]" name="init" is-config="true" duration-ms="59" started-at="2019-10-21T08:50:22Z" finished-at="2019-10-21T08:50:22Z">
          <reporter-output>
          </reporter-output>
        </test-method> <!-- init -->
        <test-method status="PASS" signature="postGooglePlace()[pri:0, instance:GoogleAPIs.AddGooglePlaces@e45eb6]" name="postGooglePlace" duration-ms="5916" started-at="2019-10-21T08:50:22Z" finished-at="2019-10-21T08:50:28Z">
          <reporter-output>
          </reporter-output>
        </test-method> <!-- postGooglePlace -->
      </class> <!-- GoogleAPIs.AddGooglePlaces -->
    </test> <!-- Default test -->
  </suite> <!-- Default suite -->
</testng-results>
